# JRE version: OpenJDK Runtime Environment (8.0_242-b01) (build 1.8.0_242-release-1644-b01)
# Java VM: OpenJDK 64-Bit Server VM (25.242-b01 mixed mode windows-amd64 compressed oops)
Heap:
 PSYoungGen      total 118784K, used 70564K [0x00000000d5580000, 0x00000000dff80000, 0x0000000100000000)
  eden space 88064K, 45% used [0x00000000d5580000,0x00000000d7c6aac0,0x00000000dab80000)
  from space 30720K, 99% used [0x00000000dab80000,0x00000000dc97e848,0x00000000dc980000)
  to   space 37376K, 0% used [0x00000000ddb00000,0x00000000ddb00000,0x00000000dff80000)
 ParOldGen       total 119296K, used 68338K [0x0000000080000000, 0x0000000087480000, 0x00000000d5580000)
  object space 119296K, 57% used [0x0000000080000000,0x00000000842bc860,0x0000000087480000)
 Metaspace       used 94514K, capacity 99460K, committed 99672K, reserved 1136640K
  class space    used 12411K, capacity 13418K, committed 13440K, reserved 1048576K
GC Heap History (10 events):
Event: 1168.903 GC heap before
{Heap before GC invocations=51 (full 4):
 PSYoungGen      total 100864K, used 84216K [0x00000000d5580000, 0x00000000dd180000, 0x0000000100000000)
  eden space 76800K, 100% used [0x00000000d5580000,0x00000000da080000,0x00000000da080000)
  from space 24064K, 30% used [0x00000000dba00000,0x00000000dc13e1d0,0x00000000dd180000)
  to   space 25088K, 0% used [0x00000000da080000,0x00000000da080000,0x00000000db900000)
 ParOldGen       total 119296K, used 63548K [0x0000000080000000, 0x0000000087480000, 0x00000000d5580000)
  object space 119296K, 53% used [0x0000000080000000,0x0000000083e0f1f0,0x0000000087480000)
 Metaspace       used 82838K, capacity 86494K, committed 86744K, reserved 1124352K
  class space    used 10773K, capacity 11481K, committed 11520K, reserved 1048576K
Event: 1168.982 GC heap after
Heap after GC invocations=51 (full 4):
 PSYoungGen      total 101888K, used 16339K [0x00000000d5580000, 0x00000000dd800000, 0x0000000100000000)
  eden space 76800K, 0% used [0x00000000d5580000,0x00000000d5580000,0x00000000da080000)
  from space 25088K, 65% used [0x00000000da080000,0x00000000db074d90,0x00000000db900000)
  to   space 25600K, 0% used [0x00000000dbf00000,0x00000000dbf00000,0x00000000dd800000)
 ParOldGen       total 119296K, used 63556K [0x0000000080000000, 0x0000000087480000, 0x00000000d5580000)
  object space 119296K, 53% used [0x0000000080000000,0x0000000083e111f0,0x0000000087480000)
 Metaspace       used 82838K, capacity 86494K, committed 86744K, reserved 1124352K
  class space    used 10773K, capacity 11481K, committed 11520K, reserved 1048576K
}
Event: 1178.270 GC heap before
{Heap before GC invocations=52 (full 4):
 PSYoungGen      total 101888K, used 93139K [0x00000000d5580000, 0x00000000dd800000, 0x0000000100000000)
  eden space 76800K, 100% used [0x00000000d5580000,0x00000000da080000,0x00000000da080000)
  from space 25088K, 65% used [0x00000000da080000,0x00000000db074d90,0x00000000db900000)
  to   space 25600K, 0% used [0x00000000dbf00000,0x00000000dbf00000,0x00000000dd800000)
 ParOldGen       total 119296K, used 63556K [0x0000000080000000, 0x0000000087480000, 0x00000000d5580000)
  object space 119296K, 53% used [0x0000000080000000,0x0000000083e111f0,0x0000000087480000)
 Metaspace       used 84665K, capacity 88270K, committed 88408K, reserved 1126400K
  class space    used 10952K, capacity 11619K, committed 11648K, reserved 1048576K
Event: 1178.347 GC heap after
Heap after GC invocations=52 (full 4):
 PSYoungGen      total 107520K, used 16434K [0x00000000d5580000, 0x00000000dd980000, 0x0000000100000000)
  eden space 81920K, 0% used [0x00000000d5580000,0x00000000d5580000,0x00000000da580000)
  from space 25600K, 64% used [0x00000000dbf00000,0x00000000dcf0cb68,0x00000000dd800000)
  to   space 26112K, 0% used [0x00000000da580000,0x00000000da580000,0x00000000dbf00000)
 ParOldGen       total 119296K, used 63564K [0x0000000080000000, 0x0000000087480000, 0x00000000d5580000)
  object space 119296K, 53% used [0x0000000080000000,0x0000000083e131f0,0x0000000087480000)
 Metaspace       used 84665K, capacity 88270K, committed 88408K, reserved 1126400K
  class space    used 10952K, capacity 11619K, committed 11648K, reserved 1048576K
}
Event: 1185.007 GC heap before
{Heap before GC invocations=53 (full 4):
 PSYoungGen      total 107520K, used 98354K [0x00000000d5580000, 0x00000000dd980000, 0x0000000100000000)
  eden space 81920K, 100% used [0x00000000d5580000,0x00000000da580000,0x00000000da580000)
  from space 25600K, 64% used [0x00000000dbf00000,0x00000000dcf0cb68,0x00000000dd800000)
  to   space 26112K, 0% used [0x00000000da580000,0x00000000da580000,0x00000000dbf00000)
 ParOldGen       total 119296K, used 63564K [0x0000000080000000, 0x0000000087480000, 0x00000000d5580000)
  object space 119296K, 53% used [0x0000000080000000,0x0000000083e131f0,0x0000000087480000)
 Metaspace       used 85091K, capacity 88740K, committed 89048K, reserved 1126400K
  class space    used 10992K, capacity 11660K, committed 11776K, reserved 1048576K
Event: 1185.216 GC heap after
Heap after GC invocations=53 (full 4):
 PSYoungGen      total 108032K, used 19569K [0x00000000d5580000, 0x00000000de480000, 0x0000000100000000)
  eden space 81920K, 0% used [0x00000000d5580000,0x00000000d5580000,0x00000000da580000)
  from space 26112K, 74% used [0x00000000da580000,0x00000000db89c738,0x00000000dbf00000)
  to   space 27648K, 0% used [0x00000000dc980000,0x00000000dc980000,0x00000000de480000)
 ParOldGen       total 119296K, used 63572K [0x0000000080000000, 0x0000000087480000, 0x00000000d5580000)
  object space 119296K, 53% used [0x0000000080000000,0x0000000083e151f0,0x0000000087480000)
 Metaspace       used 85091K, capacity 88740K, committed 89048K, reserved 1126400K
  class space    used 10992K, capacity 11660K, committed 11776K, reserved 1048576K
}
Event: 1187.921 GC heap before
{Heap before GC invocations=54 (full 4):
 PSYoungGen      total 108032K, used 101489K [0x00000000d5580000, 0x00000000de480000, 0x0000000100000000)
  eden space 81920K, 100% used [0x00000000d5580000,0x00000000da580000,0x00000000da580000)
  from space 26112K, 74% used [0x00000000da580000,0x00000000db89c738,0x00000000dbf00000)
  to   space 27648K, 0% used [0x00000000dc980000,0x00000000dc980000,0x00000000de480000)
 ParOldGen       total 119296K, used 63572K [0x0000000080000000, 0x0000000087480000, 0x00000000d5580000)
  object space 119296K, 53% used [0x0000000080000000,0x0000000083e151f0,0x0000000087480000)
 Metaspace       used 85108K, capacity 88810K, committed 89048K, reserved 1126400K
  class space    used 10995K, capacity 11661K, committed 11776K, reserved 1048576K
Event: 1187.992 GC heap after
Heap after GC invocations=54 (full 4):
 PSYoungGen      total 115712K, used 24748K [0x00000000d5580000, 0x00000000deb80000, 0x0000000100000000)
  eden space 88064K, 0% used [0x00000000d5580000,0x00000000d5580000,0x00000000dab80000)
  from space 27648K, 89% used [0x00000000dc980000,0x00000000de1ab188,0x00000000de480000)
  to   space 30720K, 0% used [0x00000000dab80000,0x00000000dab80000,0x00000000dc980000)
 ParOldGen       total 119296K, used 63580K [0x0000000080000000, 0x0000000087480000, 0x00000000d5580000)
  object space 119296K, 53% used [0x0000000080000000,0x0000000083e171f0,0x0000000087480000)
 Metaspace       used 85108K, capacity 88810K, committed 89048K, reserved 1126400K
  class space    used 10995K, capacity 11661K, committed 11776K, reserved 1048576K
}
Event: 1196.489 GC heap before
{Heap before GC invocations=55 (full 4):
 PSYoungGen      total 115712K, used 112812K [0x00000000d5580000, 0x00000000deb80000, 0x0000000100000000)
  eden space 88064K, 100% used [0x00000000d5580000,0x00000000dab80000,0x00000000dab80000)
  from space 27648K, 89% used [0x00000000dc980000,0x00000000de1ab188,0x00000000de480000)
  to   space 30720K, 0% used [0x00000000dab80000,0x00000000dab80000,0x00000000dc980000)
 ParOldGen       total 119296K, used 63580K [0x0000000080000000, 0x0000000087480000, 0x00000000d5580000)
  object space 119296K, 53% used [0x0000000080000000,0x0000000083e171f0,0x0000000087480000)
 Metaspace       used 92695K, capacity 97506K, committed 97752K, reserved 1134592K
  class space    used 12273K, capacity 13263K, committed 13312K, reserved 1048576K
Event: 1196.657 GC heap after
Heap after GC invocations=55 (full 4):
 PSYoungGen      total 118784K, used 30714K [0x00000000d5580000, 0x00000000dff80000, 0x0000000100000000)
  eden space 88064K, 0% used [0x00000000d5580000,0x00000000d5580000,0x00000000dab80000)
  from space 30720K, 99% used [0x00000000dab80000,0x00000000dc97e848,0x00000000dc980000)
  to   space 37376K, 0% used [0x00000000ddb00000,0x00000000ddb00000,0x00000000dff80000)
 ParOldGen       total 119296K, used 68338K [0x0000000080000000, 0x0000000087480000, 0x00000000d5580000)
  object space 119296K, 57% used [0x0000000080000000,0x00000000842bc860,0x0000000087480000)
 Metaspace       used 92695K, capacity 97506K, committed 97752K, reserved 1134592K
  class space    used 12273K, capacity 13263K, committed 13312K, reserved 1048576K
}

